<?xml version="1.0" encoding="UTF-8"?>
<testsuite xmlns:xsi="http://www.w3.org/2001/XMLSchema-instance" xsi:noNamespaceSchemaLocation="https://maven.apache.org/surefire/maven-surefire-plugin/xsd/surefire-test-report.xsd" version="3.0.2" name="cl.sanosysalvo.BFF.dto.DtoTest" time="0.017" tests="3" errors="0" skipped="0" failures="0" flakes="0">
  <properties>
[...]
</properties>
  <testcase name="debeCrearMascotaDTO" classname="cl.sanosysalvo.BFF.dto.DtoTest" time="0.004"/>
  <testcase name="debeCrearMascotadetalleDTO" classname="cl.sanosysalvo.BFF.dto.DtoTest" time="0.002"/>
  <testcase name="debeCrearReporteDTO" classname="cl.sanosysalvo.BFF.dto.DtoTest" time="0.003"/>
</testsuite>